This is pdfTeXk, Version 3.141592-1.40.3 (Web2C 7.5.6) (format=pdflatex 2011.10.9)  22 NOV 2011 18:13
entering extended mode
 %&-line parsing enabled.
**arbeitsbericht.tex
(./arbeitsbericht.tex
LaTeX2e <2005/12/01>
Babel <v3.8h> and hyphenation patterns for english, usenglishmax, dumylang, noh
yphenation, arabic, basque, bulgarian, coptic, welsh, czech, slovak, german, ng
erman, danish, esperanto, spanish, catalan, galician, estonian, farsi, finnish,
 french, greek, monogreek, ancientgreek, croatian, hungarian, interlingua, ibyc
us, indonesian, icelandic, italian, latin, mongolian, dutch, norsk, polish, por
tuguese, pinyin, romanian, russian, slovenian, uppersorbian, serbian, swedish, 
turkish, ukenglish, ukrainian, loaded.
(/usr/share/texmf/tex/latex/base/article.cls
Document Class: article 2005/09/16 v1.4f Standard LaTeX document class
(/usr/share/texmf/tex/latex/base/size11.clo
File: size11.clo 2005/09/16 v1.4f Standard LaTeX file (size option)
)
\c@part=\count79
\c@section=\count80
\c@subsection=\count81
\c@subsubsection=\count82
\c@paragraph=\count83
\c@subparagraph=\count84
\c@figure=\count85
\c@table=\count86
\abovecaptionskip=\skip41
\belowcaptionskip=\skip42
\bibindent=\dimen102
)
(/usr/share/texmf/tex/generic/babel/babel.sty
Package: babel 2005/11/23 v3.8h The Babel package

(/usr/share/texmf/tex/generic/babel/ngermanb.ldf
Language: ngermanb 2004/02/20 v2.6m new German support from the babel system

(/usr/share/texmf/tex/generic/babel/babel.def
File: babel.def 2005/11/23 v3.8h Babel common definitions
\babel@savecnt=\count87
\U@D=\dimen103
)
\l@naustrian = a dialect from \language\l@ngerman 
Package babel Info: Making " an active character on input line 92.
))
(/usr/share/texmf/tex/latex/base/fontenc.sty
Package: fontenc 2005/09/27 v1.99g Standard LaTeX package

(/usr/share/texmf/tex/latex/base/t1enc.def
File: t1enc.def 2005/09/27 v1.99g Standard LaTeX file
LaTeX Font Info:    Redeclaring font encoding T1 on input line 43.
))
(/usr/share/texmf/tex/latex/base/inputenc.sty
Package: inputenc 2006/05/05 v1.1b Input encoding file
\inpenc@prehook=\toks14
\inpenc@posthook=\toks15

(/usr/share/texmf/tex/latex/base/utf8.def
File: utf8.def 2006/03/30 v1.1i UTF-8 support for inputenc
Now handling font encoding OML ...
... no UTF-8 mapping file for font encoding OML
Now handling font encoding T1 ...
... processing UTF-8 mapping file for font encodingT1

(/usr/share/texmf/tex/latex/base/t1enc.dfu
File: t1enc.dfu 2006/03/30 v1.1i UTF-8 support for inputenc
   defining Unicode char U+00A1 (decimal 161)
   defining Unicode char U+00A3 (decimal 163)
   defining Unicode char U+00AB (decimal 171)
   defining Unicode char U+00BB (decimal 187)
   defining Unicode char U+00BF (decimal 191)
   defining Unicode char U+00C0 (decimal 192)
   defining Unicode char U+00C1 (decimal 193)
   defining Unicode char U+00C2 (decimal 194)
   defining Unicode char U+00C3 (decimal 195)
   defining Unicode char U+00C4 (decimal 196)
   defining Unicode char U+00C5 (decimal 197)
   defining Unicode char U+00C6 (decimal 198)
   defining Unicode char U+00C7 (decimal 199)
   defining Unicode char U+00C8 (decimal 200)
   defining Unicode char U+00C9 (decimal 201)
   defining Unicode char U+00CA (decimal 202)
   defining Unicode char U+00CB (decimal 203)
   defining Unicode char U+00CC (decimal 204)
   defining Unicode char U+00CD (decimal 205)
   defining Unicode char U+00CE (decimal 206)
   defining Unicode char U+00CF (decimal 207)
   defining Unicode char U+00D0 (decimal 208)
   defining Unicode char U+00D1 (decimal 209)
   defining Unicode char U+00D2 (decimal 210)
   defining Unicode char U+00D3 (decimal 211)
   defining Unicode char U+00D4 (decimal 212)
   defining Unicode char U+00D5 (decimal 213)
   defining Unicode char U+00D6 (decimal 214)
   defining Unicode char U+00D8 (decimal 216)
   defining Unicode char U+00D9 (decimal 217)
   defining Unicode char U+00DA (decimal 218)
   defining Unicode char U+00DB (decimal 219)
   defining Unicode char U+00DC (decimal 220)
   defining Unicode char U+00DD (decimal 221)
   defining Unicode char U+00DE (decimal 222)
   defining Unicode char U+00DF (decimal 223)
   defining Unicode char U+00E0 (decimal 224)
   defining Unicode char U+00E1 (decimal 225)
   defining Unicode char U+00E2 (decimal 226)
   defining Unicode char U+00E3 (decimal 227)
   defining Unicode char U+00E4 (decimal 228)
   defining Unicode char U+00E5 (decimal 229)
   defining Unicode char U+00E6 (decimal 230)
   defining Unicode char U+00E7 (decimal 231)
   defining Unicode char U+00E8 (decimal 232)
   defining Unicode char U+00E9 (decimal 233)
   defining Unicode char U+00EA (decimal 234)
   defining Unicode char U+00EB (decimal 235)
   defining Unicode char U+00EC (decimal 236)
   defining Unicode char U+00ED (decimal 237)
   defining Unicode char U+00EE (decimal 238)
   defining Unicode char U+00EF (decimal 239)
   defining Unicode char U+00F0 (decimal 240)
   defining Unicode char U+00F1 (decimal 241)
   defining Unicode char U+00F2 (decimal 242)
   defining Unicode char U+00F3 (decimal 243)
   defining Unicode char U+00F4 (decimal 244)
   defining Unicode char U+00F5 (decimal 245)
   defining Unicode char U+00F6 (decimal 246)
   defining Unicode char U+00F8 (decimal 248)
   defining Unicode char U+00F9 (decimal 249)
   defining Unicode char U+00FA (decimal 250)
   defining Unicode char U+00FB (decimal 251)
   defining Unicode char U+00FC (decimal 252)
   defining Unicode char U+00FD (decimal 253)
   defining Unicode char U+00FE (decimal 254)
   defining Unicode char U+00FF (decimal 255)
   defining Unicode char U+0102 (decimal 258)
   defining Unicode char U+0103 (decimal 259)
   defining Unicode char U+0104 (decimal 260)
   defining Unicode char U+0105 (decimal 261)
   defining Unicode char U+0106 (decimal 262)
   defining Unicode char U+0107 (decimal 263)
   defining Unicode char U+010C (decimal 268)
   defining Unicode char U+010D (decimal 269)
   defining Unicode char U+010E (decimal 270)
   defining Unicode char U+010F (decimal 271)
   defining Unicode char U+0110 (decimal 272)
   defining Unicode char U+0111 (decimal 273)
   defining Unicode char U+0118 (decimal 280)
   defining Unicode char U+0119 (decimal 281)
   defining Unicode char U+011A (decimal 282)
   defining Unicode char U+011B (decimal 283)
   defining Unicode char U+011E (decimal 286)
   defining Unicode char U+011F (decimal 287)
   defining Unicode char U+0130 (decimal 304)
   defining Unicode char U+0131 (decimal 305)
   defining Unicode char U+0132 (decimal 306)
   defining Unicode char U+0133 (decimal 307)
   defining Unicode char U+0139 (decimal 313)
   defining Unicode char U+013A (decimal 314)
   defining Unicode char U+013D (decimal 317)
   defining Unicode char U+013E (decimal 318)
   defining Unicode char U+0141 (decimal 321)
   defining Unicode char U+0142 (decimal 322)
   defining Unicode char U+0143 (decimal 323)
   defining Unicode char U+0144 (decimal 324)
   defining Unicode char U+0147 (decimal 327)
   defining Unicode char U+0148 (decimal 328)
   defining Unicode char U+014A (decimal 330)
   defining Unicode char U+014B (decimal 331)
   defining Unicode char U+0150 (decimal 336)
   defining Unicode char U+0151 (decimal 337)
   defining Unicode char U+0152 (decimal 338)
   defining Unicode char U+0153 (decimal 339)
   defining Unicode char U+0154 (decimal 340)
   defining Unicode char U+0155 (decimal 341)
   defining Unicode char U+0158 (decimal 344)
   defining Unicode char U+0159 (decimal 345)
   defining Unicode char U+015A (decimal 346)
   defining Unicode char U+015B (decimal 347)
   defining Unicode char U+015E (decimal 350)
   defining Unicode char U+015F (decimal 351)
   defining Unicode char U+0160 (decimal 352)
   defining Unicode char U+0161 (decimal 353)
   defining Unicode char U+0162 (decimal 354)
   defining Unicode char U+0163 (decimal 355)
   defining Unicode char U+0164 (decimal 356)
   defining Unicode char U+0165 (decimal 357)
   defining Unicode char U+016E (decimal 366)
   defining Unicode char U+016F (decimal 367)
   defining Unicode char U+0170 (decimal 368)
   defining Unicode char U+0171 (decimal 369)
   defining Unicode char U+0178 (decimal 376)
   defining Unicode char U+0179 (decimal 377)
   defining Unicode char U+017A (decimal 378)
   defining Unicode char U+017B (decimal 379)
   defining Unicode char U+017C (decimal 380)
   defining Unicode char U+017D (decimal 381)
   defining Unicode char U+017E (decimal 382)
   defining Unicode char U+200C (decimal 8204)
   defining Unicode char U+2013 (decimal 8211)
   defining Unicode char U+2014 (decimal 8212)
   defining Unicode char U+2018 (decimal 8216)
   defining Unicode char U+2019 (decimal 8217)
   defining Unicode char U+201A (decimal 8218)
   defining Unicode char U+201C (decimal 8220)
   defining Unicode char U+201D (decimal 8221)
   defining Unicode char U+201E (decimal 8222)
   defining Unicode char U+2030 (decimal 8240)
   defining Unicode char U+2031 (decimal 8241)
   defining Unicode char U+2039 (decimal 8249)
   defining Unicode char U+203A (decimal 8250)
   defining Unicode char U+2423 (decimal 9251)
)
Now handling font encoding OT1 ...
... processing UTF-8 mapping file for font encodingOT1

(/usr/share/texmf/tex/latex/base/ot1enc.dfu
File: ot1enc.dfu 2006/03/30 v1.1i UTF-8 support for inputenc
   defining Unicode char U+00A1 (decimal 161)
   defining Unicode char U+00A3 (decimal 163)
   defining Unicode char U+00B8 (decimal 184)
   defining Unicode char U+00BF (decimal 191)
   defining Unicode char U+00C5 (decimal 197)
   defining Unicode char U+00C6 (decimal 198)
   defining Unicode char U+00D8 (decimal 216)
   defining Unicode char U+00DF (decimal 223)
   defining Unicode char U+00E6 (decimal 230)
   defining Unicode char U+00EC (decimal 236)
   defining Unicode char U+00ED (decimal 237)
   defining Unicode char U+00EE (decimal 238)
   defining Unicode char U+00EF (decimal 239)
   defining Unicode char U+00F8 (decimal 248)
   defining Unicode char U+0131 (decimal 305)
   defining Unicode char U+0141 (decimal 321)
   defining Unicode char U+0142 (decimal 322)
   defining Unicode char U+0152 (decimal 338)
   defining Unicode char U+0153 (decimal 339)
   defining Unicode char U+2013 (decimal 8211)
   defining Unicode char U+2014 (decimal 8212)
   defining Unicode char U+2018 (decimal 8216)
   defining Unicode char U+2019 (decimal 8217)
   defining Unicode char U+201C (decimal 8220)
   defining Unicode char U+201D (decimal 8221)
)
Now handling font encoding OMS ...
... processing UTF-8 mapping file for font encodingOMS

(/usr/share/texmf/tex/latex/base/omsenc.dfu
File: omsenc.dfu 2006/03/30 v1.1i UTF-8 support for inputenc
   defining Unicode char U+00A7 (decimal 167)
   defining Unicode char U+00B6 (decimal 182)
   defining Unicode char U+00B7 (decimal 183)
   defining Unicode char U+2020 (decimal 8224)
   defining Unicode char U+2021 (decimal 8225)
   defining Unicode char U+2022 (decimal 8226)
)
Now handling font encoding OMX ...
... no UTF-8 mapping file for font encoding OMX
Now handling font encoding U ...
... no UTF-8 mapping file for font encoding U
   defining Unicode char U+00A9 (decimal 169)
   defining Unicode char U+00AA (decimal 170)
   defining Unicode char U+00AE (decimal 174)
   defining Unicode char U+00BA (decimal 186)
   defining Unicode char U+02C6 (decimal 710)
   defining Unicode char U+02DC (decimal 732)
   defining Unicode char U+200C (decimal 8204)
   defining Unicode char U+2026 (decimal 8230)
   defining Unicode char U+2122 (decimal 8482)
   defining Unicode char U+2423 (decimal 9251)
))
(/usr/share/texmf/tex/latex/amscls/amsthm.sty
Package: amsthm 2004/08/06 v2.20
\thm@style=\toks16
\thm@bodyfont=\toks17
\thm@headfont=\toks18
\thm@notefont=\toks19
\thm@headpunct=\toks20
\thm@preskip=\skip43
\thm@postskip=\skip44
\thm@headsep=\skip45
\dth@everypar=\toks21
)
(/usr/share/texmf/tex/latex/amsfonts/amsfonts.sty
Package: amsfonts 2001/10/25 v2.2f
\@emptytoks=\toks22
\symAMSa=\mathgroup4
\symAMSb=\mathgroup5
LaTeX Font Info:    Overwriting math alphabet `\mathfrak' in version `bold'
(Font)                  U/euf/m/n --> U/euf/b/n on input line 132.
)
(/usr/share/texmf/tex/latex/amsfonts/amssymb.sty
Package: amssymb 2002/01/22 v2.2d
)
(/usr/share/texmf/tex/latex/amsmath/amsmath.sty
Package: amsmath 2000/07/18 v2.13 AMS math features
\@mathmargin=\skip46

For additional information on amsmath, use the `?' option.
(/usr/share/texmf/tex/latex/amsmath/amstext.sty
Package: amstext 2000/06/29 v2.01

(/usr/share/texmf/tex/latex/amsmath/amsgen.sty
File: amsgen.sty 1999/11/30 v2.0
\@emptytoks=\toks23
\ex@=\dimen104
))
(/usr/share/texmf/tex/latex/amsmath/amsbsy.sty
Package: amsbsy 1999/11/29 v1.2d
\pmbraise@=\dimen105
)
(/usr/share/texmf/tex/latex/amsmath/amsopn.sty
Package: amsopn 1999/12/14 v2.01 operator names
)
\inf@bad=\count88
LaTeX Info: Redefining \frac on input line 211.
\uproot@=\count89
\leftroot@=\count90
LaTeX Info: Redefining \overline on input line 307.
\classnum@=\count91
\DOTSCASE@=\count92
LaTeX Info: Redefining \ldots on input line 379.
LaTeX Info: Redefining \dots on input line 382.
LaTeX Info: Redefining \cdots on input line 467.
\Mathstrutbox@=\box26
\strutbox@=\box27
\big@size=\dimen106
LaTeX Font Info:    Redeclaring font encoding OML on input line 567.
LaTeX Font Info:    Redeclaring font encoding OMS on input line 568.
\macc@depth=\count93
\c@MaxMatrixCols=\count94
\dotsspace@=\muskip10
\c@parentequation=\count95
\dspbrk@lvl=\count96
\tag@help=\toks24
\row@=\count97
\column@=\count98
\maxfields@=\count99
\andhelp@=\toks25
\eqnshift@=\dimen107
\alignsep@=\dimen108
\tagshift@=\dimen109
\tagwidth@=\dimen110
\totwidth@=\dimen111
\lineht@=\dimen112
\@envbody=\toks26
\multlinegap=\skip47
\multlinetaggap=\skip48
\mathdisplay@stack=\toks27
LaTeX Info: Redefining \[ on input line 2666.
LaTeX Info: Redefining \] on input line 2667.
)
(/usr/share/texmf/tex/generic/german/ngerman.sty v2.5e 1998-07-08
Package: ngerman 1998/07/08 v2.5e Support for writing german texts (br)
\grmnU@D=\dimen113
LaTeX Info: Redefining \glqq on input line 255.
LaTeX Info: Redefining \glq on input line 268.
LaTeX Info: Redefining \flqq on input line 281.
LaTeX Info: Redefining \frqq on input line 289.
LaTeX Info: Redefining \flq on input line 297.
LaTeX Info: Redefining \frq on input line 304.
)
(/usr/share/texmf/tex/latex/hyperref/hyperref.sty
Package: hyperref 2007/02/07 v6.75r Hypertext links for LaTeX

(/usr/share/texmf/tex/latex/graphics/keyval.sty
Package: keyval 1999/03/16 v1.13 key=value parser (DPC)
\KV@toks@=\toks28
)
\@linkdim=\dimen114
\Hy@linkcounter=\count100
\Hy@pagecounter=\count101

(/usr/share/texmf/tex/latex/hyperref/pd1enc.def
File: pd1enc.def 2007/02/07 v6.75r Hyperref: PDFDocEncoding definition (HO)
Now handling font encoding PD1 ...
... no UTF-8 mapping file for font encoding PD1
)
(/usr/share/texmf/tex/latex/config/hyperref.cfg
File: hyperref.cfg 2002/06/06 v1.2 hyperref configuration of TeXLive
)
(/usr/share/texmf/tex/latex/oberdiek/kvoptions.sty
Package: kvoptions 2006/08/22 v2.4 Connects package keyval with LaTeX options (
HO)
)
Package hyperref Info: Hyper figures OFF on input line 2288.
Package hyperref Info: Link nesting OFF on input line 2293.
Package hyperref Info: Hyper index ON on input line 2296.
Package hyperref Info: Plain pages OFF on input line 2303.
Package hyperref Info: Backreferencing OFF on input line 2308.

Implicit mode ON; LaTeX internals redefined
Package hyperref Info: Bookmarks ON on input line 2444.
(/usr/share/texmf/tex/latex/ltxmisc/url.sty
\Urlmuskip=\muskip11
Package: url 2005/06/27  ver 3.2  Verb mode for urls, etc.
)
LaTeX Info: Redefining \url on input line 2599.
\Fld@menulength=\count102
\Field@Width=\dimen115
\Fld@charsize=\dimen116
\Choice@toks=\toks29
\Field@toks=\toks30
Package hyperref Info: Hyper figures OFF on input line 3102.
Package hyperref Info: Link nesting OFF on input line 3107.
Package hyperref Info: Hyper index ON on input line 3110.
Package hyperref Info: backreferencing OFF on input line 3117.
Package hyperref Info: Link coloring OFF on input line 3122.
\Hy@abspage=\count103
\c@Item=\count104
\c@Hfootnote=\count105
)
*hyperref using default driver hpdftex*
(/usr/share/texmf/tex/latex/hyperref/hpdftex.def
File: hpdftex.def 2007/02/07 v6.75r Hyperref driver for pdfTeX
\Fld@listcount=\count106
)
(/usr/share/texmf/tex/latex/graphics/graphicx.sty
Package: graphicx 1999/02/16 v1.0f Enhanced LaTeX Graphics (DPC,SPQR)

(/usr/share/texmf/tex/latex/graphics/graphics.sty
Package: graphics 2006/02/20 v1.0o Standard LaTeX Graphics (DPC,SPQR)

(/usr/share/texmf/tex/latex/graphics/trig.sty
Package: trig 1999/03/16 v1.09 sin cos tan (DPC)
)
(/usr/share/texmf/tex/latex/config/graphics.cfg
File: graphics.cfg 2007/01/18 v1.5 graphics configuration of teTeX/TeXLive
)
Package graphics Info: Driver file: pdftex.def on input line 90.

(/usr/share/texmf/tex/latex/pdftex-def/pdftex.def
File: pdftex.def 2007/01/08 v0.04d Graphics/color for pdfTeX
\Gread@gobject=\count107
))
\Gin@req@height=\dimen117
\Gin@req@width=\dimen118
)
(/usr/share/texmf/tex/latex/listings/listings.sty
\lst@mode=\count108
\lst@gtempboxa=\box28
\lst@token=\toks31
\lst@length=\count109
\lst@currlwidth=\dimen119
\lst@column=\count110
\lst@pos=\count111
\lst@lostspace=\dimen120
\lst@width=\dimen121
\lst@newlines=\count112
\lst@lineno=\count113
\c@lstlisting=\count114
\lst@maxwidth=\dimen122

(/usr/share/texmf/tex/latex/listings/lstpatch.sty
File: lstpatch.sty 2004/10/17 1.3b (Carsten Heinz)
)
(/usr/share/texmf/tex/latex/listings/lstmisc.sty
File: lstmisc.sty 2004/09/07 1.3 (Carsten Heinz)
\c@lstnumber=\count115
\lst@skipnumbers=\count116
\lst@framebox=\box29
)
(/usr/share/texmf/tex/latex/listings/listings.cfg
File: listings.cfg 2004/09/05 1.3 listings configuration
))
Package: listings 2004/10/17 1.3b (Carsten Heinz)

(/usr/share/texmf/tex/latex/oberdiek/pdflscape.sty
Package: pdflscape 2006/04/24 v0.6 Landscape pages in PDF (HO)

(/usr/share/texmf/tex/latex/graphics/lscape.sty
Package: lscape 2000/10/22 v3.01 Landscape Pages (DPC)
)
Package pdflscape Info: Auto-detected driver: `pdftex' on input line 70.
)
\c@definition=\count117
\c@satz=\count118
 (./arbeitsbericht.aux)
\openout1 = `arbeitsbericht.aux'.

LaTeX Font Info:    Checking defaults for OML/cmm/m/it on input line 25.
LaTeX Font Info:    ... okay on input line 25.
LaTeX Font Info:    Checking defaults for T1/cmr/m/n on input line 25.
LaTeX Font Info:    ... okay on input line 25.
LaTeX Font Info:    Checking defaults for OT1/cmr/m/n on input line 25.
LaTeX Font Info:    ... okay on input line 25.
LaTeX Font Info:    Checking defaults for OMS/cmsy/m/n on input line 25.
LaTeX Font Info:    ... okay on input line 25.
LaTeX Font Info:    Checking defaults for OMX/cmex/m/n on input line 25.
LaTeX Font Info:    ... okay on input line 25.
LaTeX Font Info:    Checking defaults for U/cmr/m/n on input line 25.
LaTeX Font Info:    ... okay on input line 25.
LaTeX Font Info:    Checking defaults for PD1/pdf/m/n on input line 25.
LaTeX Font Info:    ... okay on input line 25.
Package hyperref Info: Link coloring OFF on input line 25.

(/usr/share/texmf/tex/latex/hyperref/nameref.sty
Package: nameref 2006/12/27 v2.28 Cross-referencing by name of section

(/usr/share/texmf/tex/latex/oberdiek/refcount.sty
Package: refcount 2006/02/20 v3.0 Data extraction from references (HO)
)
\c@section@level=\count119
)
LaTeX Info: Redefining \ref on input line 25.
LaTeX Info: Redefining \pageref on input line 25.
 (./arbeitsbericht.out)
(./arbeitsbericht.out)
\@outlinefile=\write3
\openout3 = `arbeitsbericht.out'.

LaTeX Font Info:    Try loading font information for U+msa on input line 28.
 (/usr/share/texmf/tex/latex/amsfonts/umsa.fd
File: umsa.fd 2002/01/19 v2.2g AMS font definitions
)
LaTeX Font Info:    Try loading font information for U+msb on input line 28.

(/usr/share/texmf/tex/latex/amsfonts/umsb.fd
File: umsb.fd 2002/01/19 v2.2g AMS font definitions
)

pdfTeX warning: pdflatex (file ./partosBild.pdf): PDF inclusion: found PDF vers
ion <1.5>, but at most version <1.4> allowed
<partosBild.pdf, id=39, 420.04874pt x 59.45303pt>
File: partosBild.pdf Graphic file (type pdf)
 <use partosBild.pdf> [1

{/usr/share/texmf/fonts/map/pdftex/updmap/pdftex.map} <./partosBild.pdf

pdfTeX warning: pdflatex (file ./partosBild.pdf): PDF inclusion: Page Group det
ected which pdfTeX can't handle. Ignoring it.
>] [2]
Underfull \hbox (badness 10000) in paragraph at lines 63--63
[]\T1/cmr/m/n/10.95 noch nicht in
 []


Underfull \hbox (badness 6995) in paragraph at lines 63--63
\T1/cmr/m/n/10.95 li-chen Pro-jek-ten
 []


Underfull \hbox (badness 10000) in paragraph at lines 63--63
[]\T1/cmr/m/n/10.95 Multicore und
 []


Underfull \hbox (badness 10000) in paragraph at lines 63--63
\T1/cmr/m/n/10.95 RF/Wi-re-less,
 []


Overfull \hbox (13.97375pt too wide) in paragraph at lines 63--63
[]\T1/cmr/m/n/10.95 selbstkonfigurierende
 []


Underfull \hbox (badness 10000) in paragraph at lines 65--65
[]\T1/cmr/m/n/10.95 basierend
 []


Underfull \hbox (badness 10000) in paragraph at lines 67--67
[]\T1/cmr/m/n/10.95 leichter er-lern-
 []


Underfull \hbox (badness 7256) in paragraph at lines 67--67
\T1/cmr/m/n/10.95 bar als VHDL,
 []


Underfull \hbox (badness 10000) in paragraph at lines 67--67
\T1/cmr/m/n/10.95 schnel-le, sim-
 []


Underfull \hbox (badness 10000) in paragraph at lines 67--67
\T1/cmr/m/n/10.95 ple Um-set-zung,
 []


Underfull \hbox (badness 10000) in paragraph at lines 67--67
\T1/cmr/m/n/10.95 Ein-fluss-mög-
 []


Underfull \hbox (badness 10000) in paragraph at lines 67--67
\T1/cmr/m/n/10.95 lich-kei-ten auf
 []


Underfull \hbox (badness 10000) in paragraph at lines 67--67
\T1/cmr/m/n/10.95 der Gat-ter-e-be-ne
 []


Underfull \hbox (badness 10000) in paragraph at lines 67--67
\T1/cmr/m/n/10.95 (UDP), kei-ne
 []


Underfull \hbox (badness 10000) in paragraph at lines 67--67
\T1/cmr/m/n/10.95 stren-ge Ty-p-prü-
 []


Underfull \hbox (badness 10000) in paragraph at lines 67--67
[]\T1/cmr/m/n/10.95 groÿer Sprach-
 []


Underfull \hbox (badness 10000) in paragraph at lines 67--67
\T1/cmr/m/n/10.95 schatz, hö-her
 []


Underfull \hbox (badness 10000) in paragraph at lines 67--67
\T1/cmr/m/n/10.95 an-ge-sie-delt (bis
 []


Underfull \hbox (badness 10000) in paragraph at lines 67--67
\T1/cmr/m/n/10.95 zur Sys-te-me-
 []


Underfull \hbox (badness 10000) in paragraph at lines 67--67
\T1/cmr/m/n/10.95 be-ne), star-ke
 []


Underfull \hbox (badness 10000) in paragraph at lines 67--67
\T1/cmr/m/n/10.95 Ty-pi-sie-rung,
 []


Underfull \hbox (badness 10000) in paragraph at lines 67--67
\T1/cmr/m/n/10.95 Wie-der-ver-
 []


Underfull \hbox (badness 10000) in paragraph at lines 67--67
\T1/cmr/m/n/10.95 wend-bar-keit,
 []


Underfull \hbox (badness 10000) in paragraph at lines 67--67
[]\T1/cmr/m/n/10.95 schnelle Si-mu-la-
 []


Underfull \hbox (badness 3168) in paragraph at lines 67--67
\T1/cmr/m/n/10.95 tio-nen, naht-lo-ser
 []


Underfull \hbox (badness 10000) in paragraph at lines 67--67
\T1/cmr/m/n/10.95 Top-Down-
 []


Underfull \hbox (badness 10000) in paragraph at lines 67--67
[]\T1/cmr/m/n/10.95 kann als Ba-sis
 []


Underfull \hbox (badness 10000) in paragraph at lines 67--67
\T1/cmr/m/n/10.95 wer-den (Neu-
 []


Underfull \hbox (badness 10000) in paragraph at lines 67--67
\T1/cmr/m/n/10.95 ro-na-le Net-ze),
 []


Underfull \hbox (badness 10000) in paragraph at lines 67--67
\T1/cmr/m/n/10.95 kann dy-na-misch
 []


Underfull \hbox (badness 10000) in paragraph at lines 67--67
[]\T1/cmr/m/n/10.95 kostenlos, leicht
 []


Underfull \hbox (badness 10000) in paragraph at lines 67--67
\T1/cmr/m/n/10.95 kon-fi-gu-rier-bar,
 []


Underfull \hbox (badness 10000) in paragraph at lines 69--69
[]\T1/cmr/m/n/10.95 geringerer
 []


Underfull \hbox (badness 10000) in paragraph at lines 69--69
\T1/cmr/m/n/10.95 Sprach-schatz
 []


Underfull \hbox (badness 10000) in paragraph at lines 69--69
[]\T1/cmr/m/n/10.95 schwerer er-lern-
 []


Underfull \hbox (badness 4927) in paragraph at lines 69--69
\T1/cmr/m/n/10.95 bar als Ve-ri-log,
 []


Underfull \hbox (badness 10000) in paragraph at lines 69--69
\T1/cmr/m/n/10.95 auf Hard-wa-ree-
 []


Underfull \hbox (badness 10000) in paragraph at lines 69--69
\T1/cmr/m/n/10.95 be-ne rea-li-sie-ren
 []


Underfull \hbox (badness 10000) in paragraph at lines 69--69
[]\T1/cmr/m/n/10.95 syntaktischer
 []


Underfull \hbox (badness 10000) in paragraph at lines 69--69
\T1/cmr/m/n/10.95 Over-head, man-
 []


Underfull \hbox (badness 10000) in paragraph at lines 69--69
\T1/cmr/m/n/10.95 geln-de An-ge-bot
 []


Underfull \hbox (badness 10000) in paragraph at lines 69--69
\T1/cmr/m/n/10.95 an Syn-the-se-
 []


Underfull \hbox (badness 1968) in paragraph at lines 69--69
\T1/cmr/m/n/10.95 werk-zeu-gen, kein
 []


Underfull \hbox (badness 10000) in paragraph at lines 69--69
\T1/cmr/m/n/10.95 Po-wer-ma-na-ge-
 []


Underfull \hbox (badness 10000) in paragraph at lines 69--69
[]\T1/cmr/m/n/10.95 geringe Ver-brei-
 []


Underfull \hbox (badness 10000) in paragraph at lines 69--69
[]\T1/cmr/m/n/10.95 JVM be-nö-tigt,
 []


Underfull \hbox (badness 10000) in paragraph at lines 69--69
\T1/cmr/m/n/10.95 man Wi-ne zur
 []


Underfull \hbox (badness 10000) in paragraph at lines 69--69
\T1/cmr/m/n/10.95 Bit-stre-am-ge-ne-rie-
 []


Underfull \hbox (badness 1137) in paragraph at lines 69--70
\T1/cmr/m/n/10.95 in der In-dus-trie,
 []


Underfull \hbox (badness 7415) in paragraph at lines 69--70
\T1/cmr/m/n/10.95 ge-rin-ger Sprach-
 []


Overfull \hbox (57.2548pt too wide) in paragraph at lines 60--71
[] 
 []


Overfull \hbox (7.27406pt too wide) in paragraph at lines 76--76
[]\T1/cmr/m/n/10.95 Verbreitungs-
 []


Underfull \hbox (badness 2080) in paragraph at lines 76--76
[]\T1/cmr/m/n/10.95 sehr hoch, welt-
 []


Underfull \hbox (badness 1215) in paragraph at lines 76--76
\T1/cmr/m/n/10.95 weit, ins-be-son-de-
 []


Underfull \hbox (badness 2941) in paragraph at lines 76--76
\T1/cmr/m/n/10.95 tends-te HDL in
 []


Underfull \hbox (badness 10000) in paragraph at lines 76--77
[]\T1/cmr/m/n/10.95 De-facto-
 []


Underfull \hbox (badness 10000) in paragraph at lines 76--77
\T1/cmr/m/n/10.95 Standard im
 []


Underfull \hbox (badness 10000) in paragraph at lines 76--77
\T1/cmr/m/n/10.95 Be-reich IP-
 []


Underfull \hbox (badness 10000) in paragraph at lines 76--77
\T1/cmr/m/n/10.95 Nutzung und
 []


Underfull \hbox (badness 10000) in paragraph at lines 76--77
\T1/cmr/m/n/10.95 System-Level-
 []


Underfull \hbox (badness 1337) in paragraph at lines 77--78
[]\T1/cmr/m/n/10.95 nur in der Leh-
 []


Underfull \hbox (badness 10000) in paragraph at lines 79--79
[]\T1/cmr/m/n/10.95 Synthese-
 []


Underfull \hbox (badness 10000) in paragraph at lines 79--79
[]\T1/cmr/m/n/10.95 Xilinx, Syn-plify
 []


Underfull \hbox (badness 10000) in paragraph at lines 79--80
[]\T1/cmr/m/n/10.95 SystemC-
 []


Underfull \hbox (badness 10000) in paragraph at lines 79--80
\T1/cmr/m/n/10.95 Compiler von
 []


Underfull \hbox (badness 10000) in paragraph at lines 82--82
[]\T1/cmr/m/n/10.95 ursprünglich Si-
 []


Underfull \hbox (badness 10000) in paragraph at lines 82--82
\T1/cmr/m/n/10.95 mu-la-ti-onss-pra-che,
 []


Underfull \hbox (badness 2181) in paragraph at lines 82--82
\T1/cmr/m/n/10.95 seit 1995 IEEE-
 []


Underfull \hbox (badness 10000) in paragraph at lines 82--82
\T1/cmr/m/n/10.95 Standard, lan-ge
 []


Underfull \hbox (badness 2181) in paragraph at lines 82--82
[]\T1/cmr/m/n/10.95 seit 1987 IEEE-
 []


Underfull \hbox (badness 10000) in paragraph at lines 82--82
[]\T1/cmr/m/n/10.95 Firmenunter-
 []


Underfull \hbox (badness 10000) in paragraph at lines 82--82
\T1/cmr/m/n/10.95 ter-ent-wick-lung,
 []


Underfull \hbox (badness 10000) in paragraph at lines 82--82
\T1/cmr/m/n/10.95 Spra-cher-wei-te-
 []


Underfull \hbox (badness 7256) in paragraph at lines 82--82
[]\T1/cmr/m/n/10.95 Teil des V2000
 []


Underfull \hbox (badness 10000) in paragraph at lines 82--82
\T1/cmr/m/n/10.95 open si-mu-la-tor
 []


Underfull \hbox (badness 10000) in paragraph at lines 82--82
\T1/cmr/m/n/10.95 pro-ject, 1:1 -
 []


Underfull \hbox (badness 10000) in paragraph at lines 82--82
\T1/cmr/m/n/10.95 Map-ping, Spra-
 []


Underfull \hbox (badness 10000) in paragraph at lines 82--82
[]\T1/cmr/m/n/10.95 Open-Source,
 []


Underfull \hbox (badness 10000) in paragraph at lines 82--82
\T1/cmr/m/n/10.95 Spra-cher-wei-te-
 []


Overfull \hbox (5.00499pt too wide) in paragraph at lines 84--84
[]\T1/cmr/m/n/10.95 Entwurfsjahr| 
 []


Overfull \hbox (74.2548pt too wide) in paragraph at lines 73--86
[][] 
 []

[3

] [4] (./arbeitsbericht.aux) ) 
Here is how much of TeX's memory you used:
 5636 strings out of 256216
 72575 string characters out of 1917072
 140257 words of memory out of 1500000
 8830 multiletter control sequences out of 10000+200000
 15245 words of font info for 45 fonts, out of 1200000 for 2000
 645 hyphenation exceptions out of 8191
 27i,8n,36p,526b,383s stack positions out of 5000i,500n,6000p,200000b,15000s
 </home/sarah/.texlive2007/texmf-var/fonts/pk/ljf
our/jknappen/ec/ecbx1095.600pk> </home/sarah/.texlive2007/texmf-var/fonts/pk/lj
four/jknappen/ec/ecbx1200.600pk> </home/sarah/.texlive2007/texmf-var/fonts/pk/l
jfour/jknappen/ec/ecrm1095.600pk> </home/sarah/.texlive2007/texmf-var/fonts/pk/
ljfour/jknappen/ec/ecbx1440.600pk> </home/sarah/.texlive2007/texmf-var/fonts/pk
/ljfour/jknappen/ec/ecrm1200.600pk> </home/sarah/.texlive2007/texmf-var/fonts/p
k/ljfour/jknappen/ec/ecrm1728.600pk></usr/share/texmf/fonts/type1/bluesky/cm/cm
mi10.pfb></usr/share/texmf/fonts/type1/bluesky/cm/cmmi8.pfb></usr/share/texmf/f
onts/type1/bluesky/cm/cmr10.pfb></usr/share/texmf/fonts/type1/bluesky/cm/cmr8.p
fb></usr/share/texmf/fonts/type1/bluesky/cm/cmsy10.pfb>
Output written on arbeitsbericht.pdf (4 pages, 109794 bytes).
PDF statistics:
 324 PDF objects out of 1000 (max. 8388607)
 13 named destinations out of 1000 (max. 131072)
 86 words of extra memory for PDF output out of 10000 (max. 10000000)

